Line 138: Class MSForms.Label of control Label9 was not a loaded control class.
Line 157: Class MSForms.TextBox of control TMRP was not a loaded control class.
Line 173: Class MSForms.TextBox of control TRefNo was not a loaded control class.
Line 189: Class MSForms.Label of control Label21 was not a loaded control class.
Line 203: Class MSForms.TextBox of control TOther was not a loaded control class.
Line 219: Class MSForms.TextBox of control TWholeSale was not a loaded control class.
Line 235: Class MSForms.Label of control Label20 was not a loaded control class.
Line 251: Class MSForms.Label of control Label15 was not a loaded control class.
Line 267: Class MSForms.Label of control Label8 was not a loaded control class.
Line 283: Class MSForms.Label of control Label5 was not a loaded control class.
Line 299: Class MSForms.Label of control LTaxAmount was not a loaded control class.
Line 318: Class MSForms.Label of control LGross was not a loaded control class.
Line 337: Class MSForms.Label of control LSlNo was not a loaded control class.
Line 353: Class MSForms.ComboBox of control CoItem was not a loaded control class.
Line 371: Class MSForms.TextBox of control TQuantity was not a loaded control class.
Line 387: Class MSForms.TextBox of control TRate was not a loaded control class.
Line 403: Class MSForms.Label of control LTotalAmount was not a loaded control class.
Line 419: Class MSForms.Label of control Label13 was not a loaded control class.
Line 435: Class MSForms.Label of control Label14 was not a loaded control class.
Line 451: Class MSForms.Label of control Label16 was not a loaded control class.
Line 467: Class MSForms.Label of control Label17 was not a loaded control class.
Line 483: Class MSForms.Label of control Label19 was not a loaded control class.
Line 499: Class MSForms.Label of control Label7 was not a loaded control class.
Line 515: Class MSForms.Label of control LUnit was not a loaded control class.
Line 531: Class MSForms.TextBox of control TRetail was not a loaded control class.
Line 547: Class MSForms.Label of control Label10 was not a loaded control class.
Line 563: Class MSForms.Label of control Label6 was not a loaded control class.
Line 578: Class MSForms.Label of control LTotalTax was not a loaded control class.
Line 599: Class MSForms.Label of control Label1 was not a loaded control class.
Line 613: Class MSForms.TextBox of control TTransactionNo was not a loaded control class.
Line 629: Class MSForms.Label of control Label3 was not a loaded control class.
Line 643: Class MSForms.ComboBox of control CoSupplier was not a loaded control class.
Line 661: Class MSForms.TextBox of control TAddress was not a loaded control class.
Line 676: Class MSForms.Label of control LGrandAmount was not a loaded control class.
Line 693: Class MSForms.Label of control Label4 was not a loaded control class.
Line 707: Class MSForms.TextBox of control TNarration was not a loaded control class.
Line 722: Class MSForms.Label of control Label2 was not a loaded control class.
