Line 138: Class MSForms.Label of control Label22 was not a loaded control class.
Line 157: Class MSForms.TextBox of control TMRP was not a loaded control class.
Line 173: Class MSForms.TextBox of control TRefNo was not a loaded control class.
Line 189: Class MSForms.Label of control Label21 was not a loaded control class.
Line 203: Class MSForms.TextBox of control TOther was not a loaded control class.
Line 219: Class MSForms.TextBox of control TWholeSale was not a loaded control class.
Line 235: Class MSForms.Label of control Label20 was not a loaded control class.
Line 251: Class MSForms.Label of control Label15 was not a loaded control class.
Line 267: Class MSForms.Label of control Label18 was not a loaded control class.
Line 286: Class MSForms.TextBox of control TDiscount was not a loaded control class.
Line 302: Class MSForms.Label of control LBalance was not a loaded control class.
Line 321: Class MSForms.Label of control Label12 was not a loaded control class.
Line 340: Class MSForms.Label of control Label11 was not a loaded control class.
Line 359: Class MSForms.Label of control Label9 was not a loaded control class.
Line 378: Class MSForms.TextBox of control TAdvance was not a loaded control class.
Line 394: Class MSForms.TextBox of control TExtraCharge was not a loaded control class.
Line 410: Class MSForms.TextBox of control TTax was not a loaded control class.
Line 426: Class MSForms.Label of control Label8 was not a loaded control class.
Line 442: Class MSForms.Label of control Label5 was not a loaded control class.
Line 458: Class MSForms.Label of control LTaxAmount was not a loaded control class.
Line 477: Class MSForms.Label of control LGross was not a loaded control class.
Line 496: Class MSForms.Label of control Label2 was not a loaded control class.
Line 513: Class MSForms.Label of control LSlNo was not a loaded control class.
Line 529: Class MSForms.ComboBox of control CoItem was not a loaded control class.
Line 547: Class MSForms.TextBox of control TQuantity was not a loaded control class.
Line 563: Class MSForms.TextBox of control TRate was not a loaded control class.
Line 579: Class MSForms.Label of control LTotalAmount was not a loaded control class.
Line 595: Class MSForms.Label of control Label13 was not a loaded control class.
Line 611: Class MSForms.Label of control Label14 was not a loaded control class.
Line 627: Class MSForms.Label of control Label16 was not a loaded control class.
Line 643: Class MSForms.Label of control Label17 was not a loaded control class.
Line 659: Class MSForms.Label of control Label19 was not a loaded control class.
Line 675: Class MSForms.Label of control Label7 was not a loaded control class.
Line 691: Class MSForms.Label of control LUnit was not a loaded control class.
Line 707: Class MSForms.TextBox of control TRetail was not a loaded control class.
Line 723: Class MSForms.Label of control Label10 was not a loaded control class.
Line 739: Class MSForms.Label of control Label6 was not a loaded control class.
Line 754: Class MSForms.Label of control LTotalTax was not a loaded control class.
Line 775: Class MSForms.Label of control Label1 was not a loaded control class.
Line 789: Class MSForms.TextBox of control TTransactionNo was not a loaded control class.
Line 805: Class MSForms.Label of control Label3 was not a loaded control class.
Line 819: Class MSForms.ComboBox of control CoSupplier was not a loaded control class.
Line 837: Class MSForms.TextBox of control TAddress was not a loaded control class.
Line 852: Class MSForms.Label of control LGrandAmount was not a loaded control class.
Line 869: Class MSForms.Label of control Label4 was not a loaded control class.
Line 883: Class MSForms.TextBox of control TNarration was not a loaded control class.
Line 898: Class MSForms.Label of control Label2 was not a loaded control class.
