Line 138: Class MSForms.Label of control LTin was not a loaded control class.
Line 157: Class MSForms.TextBox of control TMRP was not a loaded control class.
Line 173: Class MSForms.Label of control Label22 was not a loaded control class.
Line 192: Class MSForms.TextBox of control TRefNo was not a loaded control class.
Line 208: Class MSForms.Label of control Label21 was not a loaded control class.
Line 222: Class MSForms.TextBox of control TOther was not a loaded control class.
Line 238: Class MSForms.TextBox of control TWholeSale was not a loaded control class.
Line 254: Class MSForms.Label of control Label20 was not a loaded control class.
Line 270: Class MSForms.Label of control Label15 was not a loaded control class.
Line 286: Class MSForms.Label of control Label18 was not a loaded control class.
Line 305: Class MSForms.TextBox of control TDiscount was not a loaded control class.
Line 321: Class MSForms.Label of control LBalance was not a loaded control class.
Line 340: Class MSForms.Label of control Label12 was not a loaded control class.
Line 359: Class MSForms.Label of control Label11 was not a loaded control class.
Line 378: Class MSForms.Label of control Label9 was not a loaded control class.
Line 397: Class MSForms.TextBox of control TAdvance was not a loaded control class.
Line 413: Class MSForms.TextBox of control TExtraCharge was not a loaded control class.
Line 429: Class MSForms.TextBox of control TTax was not a loaded control class.
Line 445: Class MSForms.Label of control Label8 was not a loaded control class.
Line 461: Class MSForms.Label of control Label5 was not a loaded control class.
Line 477: Class MSForms.Label of control LTaxAmount was not a loaded control class.
Line 496: Class MSForms.Label of control LGross was not a loaded control class.
Line 515: Class MSForms.Label of control Label2 was not a loaded control class.
Line 532: Class MSForms.Label of control LSlNo was not a loaded control class.
Line 548: Class MSForms.ComboBox of control CoItem was not a loaded control class.
Line 566: Class MSForms.TextBox of control TQuantity was not a loaded control class.
Line 582: Class MSForms.TextBox of control TRate was not a loaded control class.
Line 598: Class MSForms.Label of control LTotalAmount was not a loaded control class.
Line 614: Class MSForms.Label of control Label13 was not a loaded control class.
Line 630: Class MSForms.Label of control Label14 was not a loaded control class.
Line 646: Class MSForms.Label of control Label16 was not a loaded control class.
Line 662: Class MSForms.Label of control Label17 was not a loaded control class.
Line 678: Class MSForms.Label of control Label19 was not a loaded control class.
Line 694: Class MSForms.Label of control Label7 was not a loaded control class.
Line 710: Class MSForms.Label of control LUnit was not a loaded control class.
Line 726: Class MSForms.TextBox of control TRetail was not a loaded control class.
Line 742: Class MSForms.Label of control Label10 was not a loaded control class.
Line 758: Class MSForms.Label of control Label6 was not a loaded control class.
Line 773: Class MSForms.Label of control LTotalTax was not a loaded control class.
Line 794: Class MSForms.Label of control Label1 was not a loaded control class.
Line 808: Class MSForms.TextBox of control TTransactionNo was not a loaded control class.
Line 824: Class MSForms.Label of control Label3 was not a loaded control class.
Line 838: Class MSForms.ComboBox of control CoSupplier was not a loaded control class.
Line 856: Class MSForms.TextBox of control TAddress was not a loaded control class.
Line 871: Class MSForms.Label of control LGrandAmount was not a loaded control class.
Line 888: Class MSForms.Label of control Label4 was not a loaded control class.
Line 902: Class MSForms.TextBox of control TNarration was not a loaded control class.
Line 917: Class MSForms.Label of control Label2 was not a loaded control class.
