Line 171: Class MSForms.Label of control LMRP was not a loaded control class.
Line 190: Class MSForms.Label of control Label20 was not a loaded control class.
Line 209: Class MSForms.Label of control Label9 was not a loaded control class.
Line 228: Class MSForms.Label of control Label1 was not a loaded control class.
Line 247: Class MSForms.Label of control Label27 was not a loaded control class.
Line 266: Class MSForms.Label of control Label21 was not a loaded control class.
Line 280: Class MSForms.TextBox of control TRefNo was not a loaded control class.
Line 296: Class MSForms.TextBox of control TTaxedValue was not a loaded control class.
Line 313: Class MSForms.TextBox of control TTax was not a loaded control class.
Line 330: Class MSForms.Label of control LQuantity was not a loaded control class.
Line 357: Class MSForms.Label of control Label26 was not a loaded control class.
Line 371: Class MSForms.Label of control Label25 was not a loaded control class.
Line 390: Class MSForms.TextBox of control TDiscount was not a loaded control class.
Line 406: Class MSForms.TextBox of control TExtraCharge was not a loaded control class.
Line 422: Class MSForms.TextBox of control TAdvance was not a loaded control class.
Line 438: Class MSForms.Label of control Label24 was not a loaded control class.
Line 457: Class MSForms.Label of control Label23 was not a loaded control class.
Line 476: Class MSForms.Label of control Label22 was not a loaded control class.
Line 495: Class MSForms.Label of control LBalance was not a loaded control class.
Line 514: Class MSForms.Label of control LUnit was not a loaded control class.
Line 530: Class MSForms.Label of control Label8 was not a loaded control class.
Line 546: Class MSForms.Label of control LGross was not a loaded control class.
Line 565: Class MSForms.Label of control LNetValue was not a loaded control class.
Line 584: Class MSForms.Label of control LTaxAmount was not a loaded control class.
Line 603: Class MSForms.ComboBox of control CoItem was not a loaded control class.
Line 622: Class MSForms.TextBox of control TQuantity was not a loaded control class.
Line 639: Class MSForms.Label of control LTotalAmount was not a loaded control class.
Line 658: Class MSForms.TextBox of control TRate was not a loaded control class.
Line 675: Class MSForms.TextBox of control TItemDiscount was not a loaded control class.
Line 692: Class MSForms.Label of control LTNetValue was not a loaded control class.
Line 707: Class MSForms.Label of control Label17 was not a loaded control class.
Line 723: Class MSForms.Label of control Label11 was not a loaded control class.
Line 739: Class MSForms.Label of control Label7 was not a loaded control class.
Line 755: Class MSForms.Label of control LSlNo was not a loaded control class.
Line 774: Class MSForms.Label of control LTotalValue was not a loaded control class.
Line 789: Class MSForms.Label of control LGrossValue was not a loaded control class.
Line 804: Class MSForms.Label of control LTTaxAmount was not a loaded control class.
Line 819: Class MSForms.Label of control Label6 was not a loaded control class.
Line 835: Class MSForms.Label of control Label5 was not a loaded control class.
Line 857: Class MSForms.TextBox of control TTransactionNo was not a loaded control class.
Line 873: Class MSForms.Label of control Label3 was not a loaded control class.
Line 887: Class MSForms.ComboBox of control CoCustomer was not a loaded control class.
Line 905: Class MSForms.TextBox of control TAddress was not a loaded control class.
Line 920: Class MSForms.Label of control LGrandAmount was not a loaded control class.
Line 938: Class MSForms.Label of control Label13 was not a loaded control class.
Line 954: Class MSForms.Label of control Label14 was not a loaded control class.
Line 970: Class MSForms.Label of control Label16 was not a loaded control class.
Line 986: Class MSForms.Label of control Label19 was not a loaded control class.
Line 1002: Class MSForms.Label of control Label4 was not a loaded control class.
Line 1016: Class MSForms.TextBox of control TNarration was not a loaded control class.
Line 1031: Class MSForms.Label of control Label10 was not a loaded control class.
Line 1047: Class MSForms.Label of control Label2 was not a loaded control class.
