Line 167: Class MSForms.Label of control LTin was not a loaded control class.
Line 186: Class MSForms.Label of control Label28 was not a loaded control class.
Line 201: Class MSForms.Label of control Label27 was not a loaded control class.
Line 220: Class MSForms.Label of control Label26 was not a loaded control class.
Line 239: Class MSForms.Label of control Label21 was not a loaded control class.
Line 258: Class MSForms.Label of control Label20 was not a loaded control class.
Line 277: Class MSForms.Label of control Label15 was not a loaded control class.
Line 293: Class MSForms.Label of control LMRP was not a loaded control class.
Line 312: Class MSForms.TextBox of control TTaxedValue was not a loaded control class.
Line 329: Class MSForms.TextBox of control TTax was not a loaded control class.
Line 346: Class MSForms.Label of control LQuantity was not a loaded control class.
Line 373: Class MSForms.Label of control Label25 was not a loaded control class.
Line 392: Class MSForms.TextBox of control TDiscount was not a loaded control class.
Line 408: Class MSForms.TextBox of control TExtraCharge was not a loaded control class.
Line 424: Class MSForms.TextBox of control TAdvance was not a loaded control class.
Line 440: Class MSForms.Label of control Label24 was not a loaded control class.
Line 459: Class MSForms.Label of control Label23 was not a loaded control class.
Line 478: Class MSForms.Label of control Label22 was not a loaded control class.
Line 497: Class MSForms.Label of control LBalance was not a loaded control class.
Line 516: Class MSForms.Label of control LUnit was not a loaded control class.
Line 532: Class MSForms.Label of control Label8 was not a loaded control class.
Line 548: Class MSForms.Label of control LGross was not a loaded control class.
Line 567: Class MSForms.Label of control LNetValue was not a loaded control class.
Line 586: Class MSForms.Label of control LTaxAmount was not a loaded control class.
Line 605: Class MSForms.ComboBox of control CoItem was not a loaded control class.
Line 624: Class MSForms.TextBox of control TQuantity was not a loaded control class.
Line 641: Class MSForms.Label of control LTotalAmount was not a loaded control class.
Line 660: Class MSForms.TextBox of control TRate was not a loaded control class.
Line 677: Class MSForms.TextBox of control TItemDiscount was not a loaded control class.
Line 694: Class MSForms.Label of control LTNetValue was not a loaded control class.
Line 709: Class MSForms.Label of control Label17 was not a loaded control class.
Line 725: Class MSForms.Label of control Label11 was not a loaded control class.
Line 741: Class MSForms.Label of control Label7 was not a loaded control class.
Line 757: Class MSForms.Label of control LSlNo was not a loaded control class.
Line 776: Class MSForms.Label of control LTotalValue was not a loaded control class.
Line 791: Class MSForms.Label of control LGrossValue was not a loaded control class.
Line 806: Class MSForms.Label of control LTTaxAmount was not a loaded control class.
Line 821: Class MSForms.Label of control Label6 was not a loaded control class.
Line 837: Class MSForms.Label of control Label5 was not a loaded control class.
Line 859: Class MSForms.TextBox of control TTransactionNo was not a loaded control class.
Line 875: Class MSForms.Label of control Label3 was not a loaded control class.
Line 889: Class MSForms.ComboBox of control CoCustomer was not a loaded control class.
Line 907: Class MSForms.TextBox of control TAddress was not a loaded control class.
Line 922: Class MSForms.Label of control LGrandAmount was not a loaded control class.
Line 940: Class MSForms.Label of control Label13 was not a loaded control class.
Line 956: Class MSForms.Label of control Label14 was not a loaded control class.
Line 972: Class MSForms.Label of control Label16 was not a loaded control class.
Line 988: Class MSForms.Label of control Label19 was not a loaded control class.
Line 1004: Class MSForms.Label of control Label4 was not a loaded control class.
Line 1018: Class MSForms.TextBox of control TNarration was not a loaded control class.
Line 1033: Class MSForms.Label of control Label10 was not a loaded control class.
Line 1049: Class MSForms.Label of control Label2 was not a loaded control class.
