Line 167: Class MSForms.Label of control LTin was not a loaded control class.
Line 186: Class MSForms.Label of control Label20 was not a loaded control class.
Line 205: Class MSForms.Label of control Label27 was not a loaded control class.
Line 224: Class MSForms.Label of control Label18 was not a loaded control class.
Line 243: Class MSForms.Label of control Label21 was not a loaded control class.
Line 262: Class MSForms.Label of control LMRP was not a loaded control class.
Line 281: Class MSForms.Label of control Label15 was not a loaded control class.
Line 297: Class MSForms.TextBox of control TTaxedValue was not a loaded control class.
Line 314: Class MSForms.TextBox of control TTax was not a loaded control class.
Line 331: Class MSForms.Label of control LQuantity was not a loaded control class.
Line 358: Class MSForms.Label of control Label26 was not a loaded control class.
Line 372: Class MSForms.Label of control Label25 was not a loaded control class.
Line 391: Class MSForms.TextBox of control TDiscount was not a loaded control class.
Line 407: Class MSForms.TextBox of control TExtraCharge was not a loaded control class.
Line 423: Class MSForms.TextBox of control TAdvance was not a loaded control class.
Line 439: Class MSForms.Label of control Label24 was not a loaded control class.
Line 458: Class MSForms.Label of control Label23 was not a loaded control class.
Line 477: Class MSForms.Label of control Label22 was not a loaded control class.
Line 496: Class MSForms.Label of control LBalance was not a loaded control class.
Line 515: Class MSForms.Label of control LUnit was not a loaded control class.
Line 531: Class MSForms.Label of control Label8 was not a loaded control class.
Line 547: Class MSForms.Label of control LGross was not a loaded control class.
Line 566: Class MSForms.Label of control LNetValue was not a loaded control class.
Line 585: Class MSForms.Label of control LTaxAmount was not a loaded control class.
Line 604: Class MSForms.ComboBox of control CoItem was not a loaded control class.
Line 623: Class MSForms.TextBox of control TQuantity was not a loaded control class.
Line 640: Class MSForms.Label of control LTotalAmount was not a loaded control class.
Line 659: Class MSForms.TextBox of control TRate was not a loaded control class.
Line 676: Class MSForms.TextBox of control TItemDiscount was not a loaded control class.
Line 693: Class MSForms.Label of control LTNetValue was not a loaded control class.
Line 708: Class MSForms.Label of control Label17 was not a loaded control class.
Line 724: Class MSForms.Label of control Label11 was not a loaded control class.
Line 740: Class MSForms.Label of control Label7 was not a loaded control class.
Line 756: Class MSForms.Label of control LSlNo was not a loaded control class.
Line 775: Class MSForms.Label of control LTotalValue was not a loaded control class.
Line 790: Class MSForms.Label of control LGrossValue was not a loaded control class.
Line 805: Class MSForms.Label of control LTTaxAmount was not a loaded control class.
Line 820: Class MSForms.Label of control Label6 was not a loaded control class.
Line 836: Class MSForms.Label of control Label5 was not a loaded control class.
Line 858: Class MSForms.TextBox of control TTransactionNo was not a loaded control class.
Line 874: Class MSForms.Label of control Label3 was not a loaded control class.
Line 888: Class MSForms.ComboBox of control CoCustomer was not a loaded control class.
Line 906: Class MSForms.TextBox of control TAddress was not a loaded control class.
Line 921: Class MSForms.Label of control LGrandAmount was not a loaded control class.
Line 939: Class MSForms.Label of control Label13 was not a loaded control class.
Line 955: Class MSForms.Label of control Label14 was not a loaded control class.
Line 971: Class MSForms.Label of control Label16 was not a loaded control class.
Line 987: Class MSForms.Label of control Label19 was not a loaded control class.
Line 1003: Class MSForms.Label of control Label4 was not a loaded control class.
Line 1017: Class MSForms.TextBox of control TNarration was not a loaded control class.
Line 1032: Class MSForms.Label of control Label10 was not a loaded control class.
Line 1048: Class MSForms.Label of control Label2 was not a loaded control class.
